
-----
Test: tests/filtering_test.py::TestFiltering::test_filtering (call)
Start time: 2025-06-15 16:55:22.661746
Start name method: filtering_products

ERROR in method: filtering_products
Time: 2025-06-15 16:55:26.363705
Exception: Message: no such window: target window already closed
from unknown error: web view not found
  (Session info: chrome=137.0.7151.104)
Stacktrace:
0   chromedriver                        0x000000010275e668 cxxbridge1$str$ptr + 2723108
1   chromedriver                        0x00000001027568dc cxxbridge1$str$ptr + 2690968
2   chromedriver                        0x00000001022aa714 cxxbridge1$string$len + 90428
3   chromedriver                        0x0000000102284740 chromedriver + 132928
4   chromedriver                        0x00000001023199e4 cxxbridge1$string$len + 545804
5   chromedriver                        0x0000000102332908 cxxbridge1$string$len + 647984
6   chromedriver                        0x00000001022e59c8 cxxbridge1$string$len + 332784
7   chromedriver                        0x000000010272228c cxxbridge1$str$ptr + 2476360
8   chromedriver                        0x0000000102725520 cxxbridge1$str$ptr + 2489308
9   chromedriver                        0x0000000102703a78 cxxbridge1$str$ptr + 2351412
10  chromedriver                        0x0000000102725da8 cxxbridge1$str$ptr + 2491492
11  chromedriver                        0x00000001026f4d6c cxxbridge1$str$ptr + 2290728
12  chromedriver                        0x0000000102745d74 cxxbridge1$str$ptr + 2622512
13  chromedriver                        0x0000000102745f00 cxxbridge1$str$ptr + 2622908
14  chromedriver                        0x0000000102756528 cxxbridge1$str$ptr + 2690020
15  libsystem_pthread.dylib             0x0000000194cd6c0c _pthread_start + 136
16  libsystem_pthread.dylib             0x0000000194cd1b80 thread_start + 8


-----

-----
Test: tests/sanity_test.py::TestSanity::test_sanity_test (call)
Start time: 2025-06-15 16:55:28.101162
Start name method: going_to_product_card

ERROR in method: going_to_product_card
Time: 2025-06-15 16:55:28.867713
Exception: Message: no such window: target window already closed
from unknown error: web view not found
  (Session info: chrome=137.0.7151.104)
Stacktrace:
0   chromedriver                        0x00000001013ba668 cxxbridge1$str$ptr + 2723108
1   chromedriver                        0x00000001013b28dc cxxbridge1$str$ptr + 2690968
2   chromedriver                        0x0000000100f06714 cxxbridge1$string$len + 90428
3   chromedriver                        0x0000000100ee0740 chromedriver + 132928
4   chromedriver                        0x0000000100f759e4 cxxbridge1$string$len + 545804
5   chromedriver                        0x0000000100f8e908 cxxbridge1$string$len + 647984
6   chromedriver                        0x0000000100f419c8 cxxbridge1$string$len + 332784
7   chromedriver                        0x000000010137e28c cxxbridge1$str$ptr + 2476360
8   chromedriver                        0x0000000101381520 cxxbridge1$str$ptr + 2489308
9   chromedriver                        0x000000010135fa78 cxxbridge1$str$ptr + 2351412
10  chromedriver                        0x0000000101381da8 cxxbridge1$str$ptr + 2491492
11  chromedriver                        0x0000000101350d6c cxxbridge1$str$ptr + 2290728
12  chromedriver                        0x00000001013a1d74 cxxbridge1$str$ptr + 2622512
13  chromedriver                        0x00000001013a1f00 cxxbridge1$str$ptr + 2622908
14  chromedriver                        0x00000001013b2528 cxxbridge1$str$ptr + 2690020
15  libsystem_pthread.dylib             0x0000000194cd6c0c _pthread_start + 136
16  libsystem_pthread.dylib             0x0000000194cd1b80 thread_start + 8


-----
