
-----
Test: tests/sanity_test.py::TestSanity::test_sanity_test (call)
Start time: 2025-06-16 03:29:45.300101
Start name method: going_to_product_card

End time: 2025-06-16 03:29:50.051231
End name method: going_to_product_card
URL: https://www.ivory.co.il/catalog.php?id=125970

-----

-----
Test: tests/sanity_test.py::TestSanity::test_sanity_test (call)
Start time: 2025-06-16 03:29:50.051556
Start name method: fast_order

ERROR in method: fast_order
Time: 2025-06-16 03:30:20.880456
Exception: Message: 
Stacktrace:
0   chromedriver                        0x0000000104692668 cxxbridge1$str$ptr + 2723108
1   chromedriver                        0x000000010468a8dc cxxbridge1$str$ptr + 2690968
2   chromedriver                        0x00000001041de714 cxxbridge1$string$len + 90428
3   chromedriver                        0x00000001042257c0 cxxbridge1$string$len + 381416
4   chromedriver                        0x0000000104266de8 cxxbridge1$string$len + 649232
5   chromedriver                        0x00000001042199c8 cxxbridge1$string$len + 332784
6   chromedriver                        0x000000010465628c cxxbridge1$str$ptr + 2476360
7   chromedriver                        0x0000000104659520 cxxbridge1$str$ptr + 2489308
8   chromedriver                        0x0000000104637a78 cxxbridge1$str$ptr + 2351412
9   chromedriver                        0x0000000104659da8 cxxbridge1$str$ptr + 2491492
10  chromedriver                        0x0000000104628d6c cxxbridge1$str$ptr + 2290728
11  chromedriver                        0x0000000104679d74 cxxbridge1$str$ptr + 2622512
12  chromedriver                        0x0000000104679f00 cxxbridge1$str$ptr + 2622908
13  chromedriver                        0x000000010468a528 cxxbridge1$str$ptr + 2690020
14  libsystem_pthread.dylib             0x0000000194cd6c0c _pthread_start + 136
15  libsystem_pthread.dylib             0x0000000194cd1b80 thread_start + 8


-----

-----
Test: tests/test_adding_to_cart.py::TestAddingToCart::test_adding_to_cart (call)
Start time: 2025-06-16 03:30:21.620031
Start name method: get_product_page

End time: 2025-06-16 03:30:23.533253
End name method: get_product_page
URL: https://www.ivory.co.il/catalog.php?id=125970

-----

-----
Test: tests/test_adding_to_cart.py::TestAddingToCart::test_adding_to_cart (call)
Start time: 2025-06-16 03:30:23.569370
Start name method: adding_to_cart

End time: 2025-06-16 03:30:28.343924
End name method: adding_to_cart
URL: https://www.ivory.co.il/catalog_checkout.php

-----

-----
Test: tests/test_choose_self_pickup.py::TestChooseSelfPickup::test_choose_self_pickup (call)
Start time: 2025-06-16 03:30:28.969888
Start name method: get_product_page

End time: 2025-06-16 03:30:30.708038
End name method: get_product_page
URL: https://www.ivory.co.il/catalog.php?id=125970

-----

-----
Test: tests/test_choose_self_pickup.py::TestChooseSelfPickup::test_choose_self_pickup (call)
Start time: 2025-06-16 03:30:30.742301
Start name method: adding_to_cart

End time: 2025-06-16 03:30:35.490129
End name method: adding_to_cart
URL: https://www.ivory.co.il/catalog_checkout.php

-----

-----
Test: tests/test_choose_self_pickup.py::TestChooseSelfPickup::test_choose_self_pickup (call)
Start time: 2025-06-16 03:30:35.490340
Start name method: choose_self_pickup

ERROR in method: choose_self_pickup
Time: 2025-06-16 03:31:05.876748
Exception: Message: 


-----

-----
Test: tests/test_filtering.py::TestFiltering::test_filtering (call)
Start time: 2025-06-16 03:31:06.587891
Start name method: filtering_products

End time: 2025-06-16 03:31:10.479070
End name method: filtering_products
URL: https://www.ivory.co.il/catalog.php?act=cat&q=iPhone+16&cuts=2735

-----

-----
Test: tests/test_limit_testing.py::TestLimitTesting::test_limit_testing (call)
Start time: 2025-06-16 03:31:11.119767
Start name method: get_product_page

End time: 2025-06-16 03:31:13.000775
End name method: get_product_page
URL: https://www.ivory.co.il/catalog.php?id=125970

-----

-----
Test: tests/test_limit_testing.py::TestLimitTesting::test_limit_testing (call)
Start time: 2025-06-16 03:31:13.038793
Start name method: pushing_plus_button

End time: 2025-06-16 03:31:13.617398
End name method: pushing_plus_button
URL: https://www.ivory.co.il/catalog.php?id=125970

-----

-----
Test: tests/test_remove_from_cart.py::TestRemoveFromCart::test_remove_from_cart (call)
Start time: 2025-06-16 03:31:14.267003
Start name method: get_product_page

End time: 2025-06-16 03:31:16.096193
End name method: get_product_page
URL: https://www.ivory.co.il/catalog.php?id=125970

-----

-----
Test: tests/test_remove_from_cart.py::TestRemoveFromCart::test_remove_from_cart (call)
Start time: 2025-06-16 03:31:16.134349
Start name method: adding_to_cart

End time: 2025-06-16 03:31:20.269372
End name method: adding_to_cart
URL: https://www.ivory.co.il/catalog_checkout.php

-----

-----
Test: tests/test_remove_from_cart.py::TestRemoveFromCart::test_remove_from_cart (call)
Start time: 2025-06-16 03:31:20.269558
Start name method: remove_from_cart

End time: 2025-06-16 03:31:21.397321
End name method: remove_from_cart
URL: https://www.ivory.co.il/catalog_checkout.php

-----
